#-----------------------------------------------------------
# Vivado v2020.1 (64-bit)
# SW Build 2902540 on Wed May 27 19:54:49 MDT 2020
# IP Build 2902112 on Wed May 27 22:43:36 MDT 2020
# Start of session at: Tue Nov 22 12:03:21 2022
# Process ID: 14540
# Current directory: C:/Users/lyeba/OneDrive/Documents/GitHub/DLD_Project_Fall2022/DLD_project_final
# Command line: vivado.exe -gui_launcher_event rodinguilauncherevent8400 C:\Users\lyeba\OneDrive\Documents\GitHub\DLD_Project_Fall2022\DLD_project_final\DLD_project_final.xpr
# Log file: C:/Users/lyeba/OneDrive/Documents/GitHub/DLD_Project_Fall2022/DLD_project_final/vivado.log
# Journal file: C:/Users/lyeba/OneDrive/Documents/GitHub/DLD_Project_Fall2022/DLD_project_final\vivado.jou
#-----------------------------------------------------------
start_gui
open_project C:/Users/lyeba/OneDrive/Documents/GitHub/DLD_Project_Fall2022/DLD_project_final/DLD_project_final.xpr
INFO: [Project 1-313] Project file moved from 'C:/Users/Administrator/OneDrive - Habib University/Sadiqah/3rd Semester/DLD/DLD_project_final' since last save.
CRITICAL WARNING: [Project 1-311] Could not find the file 'C:/Users/lyeba/Documents/GitHub/Basys3-Joystick-Interfacing/test.srcs/sources_1/imports/hdl/DigitToSeg.v', nor could it be found using path 'C:/Users/Administrator/Documents/GitHub/Basys3-Joystick-Interfacing/test.srcs/sources_1/imports/hdl/DigitToSeg.v'.
CRITICAL WARNING: [Project 1-311] Could not find the file 'C:/Users/lyeba/Documents/GitHub/Basys3-Joystick-Interfacing/test.srcs/sources_1/imports/hdl/counter3bit.v', nor could it be found using path 'C:/Users/Administrator/Documents/GitHub/Basys3-Joystick-Interfacing/test.srcs/sources_1/imports/hdl/counter3bit.v'.
CRITICAL WARNING: [Project 1-311] Could not find the file 'C:/Users/lyeba/Documents/GitHub/Basys3-Joystick-Interfacing/test.srcs/sources_1/imports/hdl/decoder3_8.v', nor could it be found using path 'C:/Users/Administrator/Documents/GitHub/Basys3-Joystick-Interfacing/test.srcs/sources_1/imports/hdl/decoder3_8.v'.
CRITICAL WARNING: [Project 1-311] Could not find the file 'C:/Users/lyeba/Documents/GitHub/Basys3-Joystick-Interfacing/test.srcs/sources_1/imports/hdl/mux4_4bus.v', nor could it be found using path 'C:/Users/Administrator/Documents/GitHub/Basys3-Joystick-Interfacing/test.srcs/sources_1/imports/hdl/mux4_4bus.v'.
CRITICAL WARNING: [Project 1-311] Could not find the file 'C:/Users/lyeba/Documents/GitHub/Basys3-Joystick-Interfacing/test.srcs/sources_1/imports/hdl/segClkDevider.v', nor could it be found using path 'C:/Users/Administrator/Documents/GitHub/Basys3-Joystick-Interfacing/test.srcs/sources_1/imports/hdl/segClkDevider.v'.
CRITICAL WARNING: [Project 1-311] Could not find the file 'C:/Users/lyeba/Documents/GitHub/Basys3-Joystick-Interfacing/test.srcs/sources_1/imports/hdl/sevensegdecoder.v', nor could it be found using path 'C:/Users/Administrator/Documents/GitHub/Basys3-Joystick-Interfacing/test.srcs/sources_1/imports/hdl/sevensegdecoder.v'.
CRITICAL WARNING: [Project 1-311] Could not find the file 'C:/Users/lyeba/Documents/GitHub/Basys3-Joystick-Interfacing/test.srcs/sources_1/imports/hdl/XADCdemo.v', nor could it be found using path 'C:/Users/Administrator/Documents/GitHub/Basys3-Joystick-Interfacing/test.srcs/sources_1/imports/hdl/XADCdemo.v'.
CRITICAL WARNING: [Project 1-311] Could not find the file 'C:/Users/lyeba/Documents/GitHub/Basys3-Joystick-Interfacing/test.srcs/sources_1/ip/xadc_wiz_0/xadc_wiz_0_stub.v', nor could it be found using path 'C:/Users/Administrator/Documents/GitHub/Basys3-Joystick-Interfacing/test.srcs/sources_1/ip/xadc_wiz_0/xadc_wiz_0_stub.v'.
CRITICAL WARNING: [Project 1-311] Could not find the file 'C:/Users/lyeba/Documents/GitHub/Basys3-Joystick-Interfacing/test.srcs/sources_1/imports/hdl/UART_TX_CTRL.vhd', nor could it be found using path 'C:/Users/Administrator/Documents/GitHub/Basys3-Joystick-Interfacing/test.srcs/sources_1/imports/hdl/UART_TX_CTRL.vhd'.
CRITICAL WARNING: [Project 1-311] Could not find the file 'C:/Users/lyeba/Documents/GitHub/Basys3-Joystick-Interfacing/test.srcs/sources_1/ip/xadc_wiz_0/xadc_wiz_0_funcsim.v', nor could it be found using path 'C:/Users/Administrator/Documents/GitHub/Basys3-Joystick-Interfacing/test.srcs/sources_1/ip/xadc_wiz_0/xadc_wiz_0_funcsim.v'.
CRITICAL WARNING: [Project 1-311] Could not find the file 'C:/Users/lyeba/Documents/GitHub/Basys3-Joystick-Interfacing/test.srcs/sources_1/ip/xadc_wiz_0/xadc_wiz_0_funcsim.vhdl', nor could it be found using path 'C:/Users/Administrator/Documents/GitHub/Basys3-Joystick-Interfacing/test.srcs/sources_1/ip/xadc_wiz_0/xadc_wiz_0_funcsim.vhdl'.
CRITICAL WARNING: [Project 1-311] Could not find the file 'C:/Users/lyeba/Documents/GitHub/Basys3-Joystick-Interfacing/test.srcs/sources_1/ip/xadc_wiz_0/xadc_wiz_0.vhd', nor could it be found using path 'C:/Users/Administrator/Documents/GitHub/Basys3-Joystick-Interfacing/test.srcs/sources_1/ip/xadc_wiz_0/xadc_wiz_0.vhd'.
CRITICAL WARNING: [Project 1-311] Could not find the file 'C:/Users/lyeba/Documents/GitHub/Basys3-Joystick-Interfacing/test.srcs/sources_1/ip/xadc_wiz_0/xadc_wiz_0_stub.vhdl', nor could it be found using path 'C:/Users/Administrator/Documents/GitHub/Basys3-Joystick-Interfacing/test.srcs/sources_1/ip/xadc_wiz_0/xadc_wiz_0_stub.vhdl'.
CRITICAL WARNING: [Project 1-311] Could not find the file 'C:/Users/lyeba/Documents/GitHub/Basys3-Joystick-Interfacing/test.srcs/constrs_1/imports/constraints/Basys3_Master.xdc', nor could it be found using path 'C:/Users/Administrator/Documents/GitHub/Basys3-Joystick-Interfacing/test.srcs/constrs_1/imports/constraints/Basys3_Master.xdc'.
CRITICAL WARNING: [Project 1-311] Could not find the file 'C:/Users/lyeba/Documents/GitHub/Basys3-Joystick-Interfacing/test.srcs/sources_1/ip/xadc_wiz_0/xadc_wiz_0.xci', nor could it be found using path 'C:/Users/Administrator/Documents/GitHub/Basys3-Joystick-Interfacing/test.srcs/sources_1/ip/xadc_wiz_0/xadc_wiz_0.xci'.
Scanning sources...
Finished scanning sources
WARNING: [filemgmt 56-2] Default IP Output Path : Could not find the directory 'C:/Users/lyeba/OneDrive/Documents/GitHub/DLD_Project_Fall2022/DLD_project_final/DLD_project_final.srcs/sources_1', nor could it be found using path 'C:/Users/Administrator/OneDrive - Habib University/Sadiqah/3rd Semester/DLD/DLD_project_final/DLD_project_final.srcs/sources_1'.
ERROR: [IP_Flow 19-993] Could not find IP file for IP 'xadc_wiz_0'.
CRITICAL WARNING: [IP_Flow 19-5097] Unable to determine VLNV from IP file; verify it has the correct syntax: 
INFO: [IP_Flow 19-234] Refreshing IP repositories
INFO: [IP_Flow 19-1704] No user IP repositories specified
INFO: [IP_Flow 19-2313] Loaded Vivado IP repository 'C:/Xilinx/Vivado/2020.1/data/ip'.
open_project: Time (s): cpu = 00:00:14 ; elapsed = 00:00:05 . Memory (MB): peak = 1243.844 ; gain = 0.000
ERROR: [Common 17-39] 'open_project' failed due to earlier errors.
update_compile_order -fileset sources_1
exit
INFO: [Common 17-206] Exiting Vivado at Tue Nov 22 12:03:45 2022...
