#-----------------------------------------------------------
# Vivado v2020.1 (64-bit)
# SW Build 2902540 on Wed May 27 19:54:49 MDT 2020
# IP Build 2902112 on Wed May 27 22:43:36 MDT 2020
# Start of session at: Fri Nov 18 11:47:35 2022
# Process ID: 3824
# Current directory: C:/Users/Administrator/OneDrive - Habib University/Sadiqah/3rd Semester/DLD/DLD_project_final
# Command line: vivado.exe -gui_launcher_event rodinguilauncherevent14768 C:\Users\Administrator\OneDrive - Habib University\Sadiqah\3rd Semester\DLD\DLD_project_final\DLD_project_final.xpr
# Log file: C:/Users/Administrator/OneDrive - Habib University/Sadiqah/3rd Semester/DLD/DLD_project_final/vivado.log
# Journal file: C:/Users/Administrator/OneDrive - Habib University/Sadiqah/3rd Semester/DLD/DLD_project_final\vivado.jou
#-----------------------------------------------------------
start_gui
open_project {C:/Users/Administrator/OneDrive - Habib University/Sadiqah/3rd Semester/DLD/DLD_project_final/DLD_project_final.xpr}
INFO: [ProjectBase 1-489] The host OS only allows 260 characters in a normal path. The project is stored in a path with more than 80 characters. If you experience issues with IP, Block Designs, or files not being found, please consider moving the project to a location with a shorter path. Alternately consider using the OS subst command to map part of the path to a drive letter.
Current project path is 'C:/Users/Administrator/OneDrive - Habib University/Sadiqah/3rd Semester/DLD/DLD_project_final'
CRITICAL WARNING: [Project 1-19] Could not find the file 'C:/Users/Administrator/Documents/GitHub/Basys3-Joystick-Interfacing/test.srcs/sources_1/ip/xadc_wiz_0/xadc_wiz_0_funcsim.v'.
CRITICAL WARNING: [Project 1-19] Could not find the file 'C:/Users/Administrator/Documents/GitHub/Basys3-Joystick-Interfacing/test.srcs/sources_1/ip/xadc_wiz_0/xadc_wiz_0_funcsim.vhdl'.
CRITICAL WARNING: [Project 1-19] Could not find the file 'C:/Users/Administrator/Documents/GitHub/Basys3-Joystick-Interfacing/test.srcs/sources_1/ip/xadc_wiz_0/xadc_wiz_0.vhd'.
Scanning sources...
Finished scanning sources
WARNING: [filemgmt 56-3] Default IP Output Path : Could not find the directory 'C:/Users/Administrator/OneDrive - Habib University/Sadiqah/3rd Semester/DLD/DLD_project_final/DLD_project_final.srcs/sources_1'.
INFO: [IP_Flow 19-234] Refreshing IP repositories
INFO: [IP_Flow 19-1704] No user IP repositories specified
INFO: [IP_Flow 19-2313] Loaded Vivado IP repository 'C:/Xilinx/Vivado/2020.1/data/ip'.
open_project: Time (s): cpu = 00:00:33 ; elapsed = 00:00:23 . Memory (MB): peak = 999.504 ; gain = 0.000
update_compile_order -fileset sources_1
eexit
INFO: [Common 17-206] Exiting Vivado at Fri Nov 18 11:48:52 2022...
